2026-02-11 02:17:20,426 - root - ERROR - Uncaught exception
Traceback (most recent call last):
  File "C:\Users\jaehw\Desktop\개발\rts\main.py", line 94, in <module>
    main()
    ~~~~^^
  File "C:\Users\jaehw\Desktop\개발\rts\main.py", line 63, in main
    run_inference(args, config=config)
    ~~~~~~~~~~~~~^^^^^^^^^^^^^^^^^^^^^
  File "C:\Users\jaehw\Desktop\개발\rts\src\rts\models\inference.py", line 25, in run_inference
    raw_data = db.fetch_data(rule_timekey)
  File "C:\Users\jaehw\Desktop\개발\rts\src\rts\data\db_manager.py", line 43, in fetch_data
    cursor.execute(queries["capabilities"], tk=rule_timekey)
    ~~~~~~~~~~~~~~^^^^^^^^^^^^^^^^^^^^^^^^^^^^^^^^^^^^^^^^^^
  File "C:\Users\jaehw\AppData\Local\Programs\Python\Python313\Lib\site-packages\oracledb\cursor.py", line 844, in execute
    impl.execute(self)
    ~~~~~~~~~~~~^^^^^^
  File "src/oracledb/impl/thin/cursor.pyx", line 277, in oracledb.thin_impl.ThinCursorImpl.execute
  File "src/oracledb/impl/thin/protocol.pyx", line 501, in oracledb.thin_impl.Protocol._process_single_message
  File "src/oracledb/impl/thin/protocol.pyx", line 502, in oracledb.thin_impl.Protocol._process_single_message
  File "src/oracledb/impl/thin/protocol.pyx", line 494, in oracledb.thin_impl.Protocol._process_message
  File "src/oracledb/impl/thin/messages/base.pyx", line 102, in oracledb.thin_impl.Message._check_and_raise_exception
oracledb.exceptions.DatabaseError: ORA-00904: "INITIAL_COUNT": 부적합한 식별자
Help: https://docs.oracle.com/error-help/db/ora-00904/
2026-02-11 02:20:14,964 - root - ERROR - Uncaught exception
Traceback (most recent call last):
  File "C:\Users\jaehw\Desktop\개발\rts\main.py", line 94, in <module>
    main()
    ~~~~^^
  File "C:\Users\jaehw\Desktop\개발\rts\main.py", line 63, in main
    run_inference(args, config=config)
    ~~~~~~~~~~~~~^^^^^^^^^^^^^^^^^^^^^
  File "C:\Users\jaehw\Desktop\개발\rts\src\rts\models\inference.py", line 28, in run_inference
    env = ProductionEnv(args.data_dir, fixed_scenario=args.scenario, config=config.env, raw_data=raw_data)
  File "C:\Users\jaehw\Desktop\개발\rts\src\rts\env\factory_env.py", line 81, in __init__
    self.reset()
    ~~~~~~~~~~^^
  File "C:\Users\jaehw\Desktop\개발\rts\src\rts\env\factory_env.py", line 217, in reset
    return self._get_obs(), {}
           ~~~~~~~~~~~~~^^
  File "C:\Users\jaehw\Desktop\개발\rts\src\rts\env\factory_env.py", line 224, in _get_obs
    co_total = self.co_remaining.max(axis=2)
  File "C:\Users\jaehw\AppData\Local\Programs\Python\Python313\Lib\site-packages\numpy\_core\_methods.py", line 44, in _amax
    return umr_maximum(a, axis, None, out, keepdims, initial, where)
ValueError: zero-size array to reduction operation maximum which has no identity
2026-02-11 02:23:14,091 - rts.models.inference - ERROR - Failed to upload results to DB: ORA-00001: 무결성 제약 조건(DISPATCHER.PK_RTS_RESLT)에 위배됩니다
Help: https://docs.oracle.com/error-help/db/ora-00001/
2026-02-11 02:27:27,806 - rts.models.inference - ERROR - Failed to upload results to DB: ORA-00001: 무결성 제약 조건(DISPATCHER.PK_RTS_RESLT)에 위배됩니다
Help: https://docs.oracle.com/error-help/db/ora-00001/
2026-02-11 02:29:24,143 - root - ERROR - Uncaught exception
Traceback (most recent call last):
  File "C:\Users\jaehw\Desktop\개발\rts\main.py", line 94, in <module>
    main()
    ~~~~^^
  File "C:\Users\jaehw\Desktop\개발\rts\main.py", line 56, in main
    if args.dry_run:
       ^^^^^^^^^^^^
AttributeError: 'Namespace' object has no attribute 'dry_run'
2026-02-11 02:29:40,285 - root - ERROR - Uncaught exception
Traceback (most recent call last):
  File "C:\Users\jaehw\Desktop\개발\rts\main.py", line 94, in <module>
    main()
    ~~~~^^
  File "C:\Users\jaehw\Desktop\개발\rts\main.py", line 56, in main
    if args.dry_run:
       ^^^^^^^^^^^^
AttributeError: 'Namespace' object has no attribute 'dry_run'
2026-02-11 23:45:13,570 - rts.api.queue - ERROR - [Worker] Job aa37de47 failed: zero-size array to reduction operation maximum which has no identity
2026-02-11 23:45:13,570 - rts.api.queue - ERROR - [Worker] Job aa37de47 failed: zero-size array to reduction operation maximum which has no identity
2026-02-11 23:47:12,278 - rts.api.queue - ERROR - [Worker] Job a87c3a54 failed: zero-size array to reduction operation maximum which has no identity
2026-02-11 23:47:12,278 - rts.api.queue - ERROR - [Worker] Job a87c3a54 failed: zero-size array to reduction operation maximum which has no identity
2026-02-11 23:49:12,443 - rts.api.queue - ERROR - [Worker] Job f37ebe94 failed: zero-size array to reduction operation maximum which has no identity
2026-02-11 23:49:12,443 - rts.api.queue - ERROR - [Worker] Job f37ebe94 failed: zero-size array to reduction operation maximum which has no identity
2026-02-11 23:51:12,501 - rts.api.queue - ERROR - [Worker] Job ed21a035 failed: zero-size array to reduction operation maximum which has no identity
2026-02-11 23:51:12,501 - rts.api.queue - ERROR - [Worker] Job ed21a035 failed: zero-size array to reduction operation maximum which has no identity
2026-02-11 23:53:12,308 - rts.api.queue - ERROR - [Worker] Job cc809b02 failed: zero-size array to reduction operation maximum which has no identity
2026-02-11 23:53:12,308 - rts.api.queue - ERROR - [Worker] Job cc809b02 failed: zero-size array to reduction operation maximum which has no identity
2026-02-11 23:56:23,332 - rts.api.queue - ERROR - [Worker] Job 45d7bdb9 failed: 'timestamp'
2026-02-11 23:56:23,332 - rts.api.queue - ERROR - [Worker] Job 45d7bdb9 failed: 'timestamp'
2026-02-11 23:58:22,028 - rts.api.queue - ERROR - [Worker] Job e5303c65 failed: 'timestamp'
2026-02-11 23:58:22,028 - rts.api.queue - ERROR - [Worker] Job e5303c65 failed: 'timestamp'
2026-02-12 00:00:22,017 - rts.api.queue - ERROR - [Worker] Job bc52ef00 failed: 'timestamp'
2026-02-12 00:00:22,017 - rts.api.queue - ERROR - [Worker] Job bc52ef00 failed: 'timestamp'
